<?xml version="1.0" encoding="UTF-8"?>
<testng-results ignored="0" total="1" passed="1" failed="0" skipped="0">
  <reporter-output>
  </reporter-output>
  <suite started-at="2024-05-31T22:52:31 BDT" name="Default suite" finished-at="2024-05-31T22:53:05 BDT" duration-ms="33980">
    <groups>
    </groups>
    <test started-at="2024-05-31T22:52:31 BDT" name="Default test" finished-at="2024-05-31T22:53:05 BDT" duration-ms="33980">
      <class name="testcases.LandingPage">
        <test-method is-config="true" signature="setDriver()[pri:0, instance:testcases.LandingPage@73302995]" started-at="2024-05-31T22:52:32 BDT" name="setDriver" finished-at="2024-05-31T22:52:58 BDT" duration-ms="26183" status="PASS">
          <reporter-output>
          </reporter-output>
        </test-method> <!-- setDriver -->
        <test-method signature="testAppOpen()[pri:0, instance:testcases.LandingPage@73302995]" started-at="2024-05-31T22:52:58 BDT" name="testAppOpen" finished-at="2024-05-31T22:53:04 BDT" duration-ms="5768" status="PASS">
          <reporter-output>
          </reporter-output>
        </test-method> <!-- testAppOpen -->
        <test-method is-config="true" signature="quitDriver()[pri:0, instance:testcases.LandingPage@73302995]" started-at="2024-05-31T22:53:04 BDT" name="quitDriver" finished-at="2024-05-31T22:53:05 BDT" duration-ms="1768" status="PASS">
          <reporter-output>
          </reporter-output>
        </test-method> <!-- quitDriver -->
      </class> <!-- testcases.LandingPage -->
    </test> <!-- Default test -->
  </suite> <!-- Default suite -->
</testng-results>
